# JRE version: OpenJDK Runtime Environment JBR-11.0.8.10-944.34-jcef (11.0.8+10) (build 11.0.8+10-b944.34)
# Java VM: OpenJDK 64-Bit Server VM JBR-11.0.8.10-944.34-jcef (11.0.8+10-b944.34, mixed mode, tiered, compressed oops, g1 gc, linux-amd64)
Heap:
 garbage-first heap   total 262144K, used 187930K [0x00000000e0000000, 0x0000000100000000)
  region size 1024K, 74 young (75776K), 8 survivors (8192K)
 Metaspace       used 76972K, capacity 79166K, committed 80372K, reserved 325632K
  class space    used 9068K, capacity 9762K, committed 10112K, reserved 253952K
GC Heap History (20 events):
Event: 10798,328 GC heap after
{Heap after GC invocations=50 (full 0):
 garbage-first heap   total 262144K, used 119025K [0x00000000e0000000, 0x0000000100000000)
  region size 1024K, 10 young (10240K), 10 survivors (10240K)
 Metaspace       used 76574K, capacity 78802K, committed 79348K, reserved 323584K
  class space    used 9109K, capacity 9842K, committed 10112K, reserved 253952K
}
Event: 10798,353 GC heap before
{Heap before GC invocations=50 (full 0):
 garbage-first heap   total 262144K, used 121073K [0x00000000e0000000, 0x0000000100000000)
  region size 1024K, 12 young (12288K), 10 survivors (10240K)
 Metaspace       used 76575K, capacity 78802K, committed 79348K, reserved 323584K
  class space    used 9109K, capacity 9842K, committed 10112K, reserved 253952K
}
Event: 10798,377 GC heap after
{Heap after GC invocations=51 (full 0):
 garbage-first heap   total 262144K, used 119272K [0x00000000e0000000, 0x0000000100000000)
  region size 1024K, 2 young (2048K), 2 survivors (2048K)
 Metaspace       used 76575K, capacity 78802K, committed 79348K, reserved 323584K
  class space    used 9109K, capacity 9842K, committed 10112K, reserved 253952K
}
Event: 10799,857 GC heap before
{Heap before GC invocations=51 (full 0):
 garbage-first heap   total 262144K, used 184808K [0x00000000e0000000, 0x0000000100000000)
  region size 1024K, 66 young (67584K), 2 survivors (2048K)
 Metaspace       used 76766K, capacity 79015K, committed 79604K, reserved 323584K
  class space    used 9115K, capacity 9846K, committed 10112K, reserved 253952K
}
Event: 10799,875 GC heap after
{Heap after GC invocations=52 (full 0):
 garbage-first heap   total 262144K, used 126398K [0x00000000e0000000, 0x0000000100000000)
  region size 1024K, 9 young (9216K), 9 survivors (9216K)
 Metaspace       used 76766K, capacity 79015K, committed 79604K, reserved 323584K
  class space    used 9115K, capacity 9846K, committed 10112K, reserved 253952K
}
Event: 10800,368 GC heap before
{Heap before GC invocations=53 (full 0):
 garbage-first heap   total 262144K, used 183742K [0x00000000e0000000, 0x0000000100000000)
  region size 1024K, 73 young (74752K), 9 survivors (9216K)
 Metaspace       used 76378K, capacity 78379K, committed 79604K, reserved 323584K
  class space    used 9022K, capacity 9693K, committed 10112K, reserved 253952K
}
Event: 10800,392 GC heap after
{Heap after GC invocations=54 (full 0):
 garbage-first heap   total 262144K, used 125058K [0x00000000e0000000, 0x0000000100000000)
  region size 1024K, 7 young (7168K), 7 survivors (7168K)
 Metaspace       used 76378K, capacity 78379K, committed 79604K, reserved 323584K
  class space    used 9022K, capacity 9693K, committed 10112K, reserved 253952K
}
Event: 10800,533 GC heap before
{Heap before GC invocations=54 (full 0):
 garbage-first heap   total 262144K, used 130178K [0x00000000e0000000, 0x0000000100000000)
  region size 1024K, 12 young (12288K), 7 survivors (7168K)
 Metaspace       used 76460K, capacity 78418K, committed 79604K, reserved 323584K
  class space    used 9027K, capacity 9701K, committed 10112K, reserved 253952K
}
Event: 10800,554 GC heap after
{Heap after GC invocations=55 (full 0):
 garbage-first heap   total 262144K, used 101372K [0x00000000e0000000, 0x0000000100000000)
  region size 1024K, 2 young (2048K), 2 survivors (2048K)
 Metaspace       used 76460K, capacity 78418K, committed 79604K, reserved 323584K
  class space    used 9027K, capacity 9701K, committed 10112K, reserved 253952K
}
Event: 10800,669 GC heap before
{Heap before GC invocations=55 (full 0):
 garbage-first heap   total 262144K, used 111612K [0x00000000e0000000, 0x0000000100000000)
  region size 1024K, 12 young (12288K), 2 survivors (2048K)
 Metaspace       used 76590K, capacity 78614K, committed 79604K, reserved 323584K
  class space    used 9043K, capacity 9732K, committed 10112K, reserved 253952K
}
Event: 10800,682 GC heap after
{Heap after GC invocations=56 (full 0):
 garbage-first heap   total 262144K, used 102400K [0x00000000e0000000, 0x0000000100000000)
  region size 1024K, 2 young (2048K), 2 survivors (2048K)
 Metaspace       used 76590K, capacity 78614K, committed 79604K, reserved 323584K
  class space    used 9043K, capacity 9732K, committed 10112K, reserved 253952K
}
Event: 10800,939 GC heap before
{Heap before GC invocations=56 (full 0):
 garbage-first heap   total 262144K, used 145408K [0x00000000e0000000, 0x0000000100000000)
  region size 1024K, 46 young (47104K), 2 survivors (2048K)
 Metaspace       used 76796K, capacity 78927K, committed 79860K, reserved 325632K
  class space    used 9071K, capacity 9784K, committed 10112K, reserved 253952K
}
Event: 10800,949 GC heap after
{Heap after GC invocations=57 (full 0):
 garbage-first heap   total 262144K, used 108646K [0x00000000e0000000, 0x0000000100000000)
  region size 1024K, 9 young (9216K), 9 survivors (9216K)
 Metaspace       used 76796K, capacity 78927K, committed 79860K, reserved 325632K
  class space    used 9071K, capacity 9784K, committed 10112K, reserved 253952K
}
Event: 14186,444 GC heap before
{Heap before GC invocations=58 (full 0):
 garbage-first heap   total 262144K, used 182374K [0x00000000e0000000, 0x0000000100000000)
  region size 1024K, 77 young (78848K), 9 survivors (9216K)
 Metaspace       used 77039K, capacity 79240K, committed 80116K, reserved 325632K
  class space    used 9095K, capacity 9818K, committed 10112K, reserved 253952K
}
Event: 14186,464 GC heap after
{Heap after GC invocations=59 (full 0):
 garbage-first heap   total 262144K, used 109495K [0x00000000e0000000, 0x0000000100000000)
  region size 1024K, 2 young (2048K), 2 survivors (2048K)
 Metaspace       used 77039K, capacity 79240K, committed 80116K, reserved 325632K
  class space    used 9095K, capacity 9818K, committed 10112K, reserved 253952K
}
Event: 14186,649 GC heap before
{Heap before GC invocations=59 (full 0):
 garbage-first heap   total 262144K, used 119735K [0x00000000e0000000, 0x0000000100000000)
  region size 1024K, 12 young (12288K), 2 survivors (2048K)
 Metaspace       used 77156K, capacity 79420K, committed 80116K, reserved 325632K
  class space    used 9121K, capacity 9853K, committed 10112K, reserved 253952K
}
Event: 14186,663 GC heap after
{Heap after GC invocations=60 (full 0):
 garbage-first heap   total 262144K, used 110844K [0x00000000e0000000, 0x0000000100000000)
  region size 1024K, 2 young (2048K), 2 survivors (2048K)
 Metaspace       used 77156K, capacity 79420K, committed 80116K, reserved 325632K
  class space    used 9121K, capacity 9853K, committed 10112K, reserved 253952K
}
Event: 14187,896 GC heap before
{Heap before GC invocations=60 (full 0):
 garbage-first heap   total 262144K, used 184572K [0x00000000e0000000, 0x0000000100000000)
  region size 1024K, 74 young (75776K), 2 survivors (2048K)
 Metaspace       used 77300K, capacity 79642K, committed 80372K, reserved 325632K
  class space    used 9137K, capacity 9881K, committed 10112K, reserved 253952K
}
Event: 14187,948 GC heap after
{Heap after GC invocations=61 (full 0):
 garbage-first heap   total 262144K, used 126490K [0x00000000e0000000, 0x0000000100000000)
  region size 1024K, 10 young (10240K), 10 survivors (10240K)
 Metaspace       used 77300K, capacity 79642K, committed 80372K, reserved 325632K
  class space    used 9137K, capacity 9881K, committed 10112K, reserved 253952K
}
Event: 14188,390 GC heap before
{Heap before GC invocations=62 (full 0):
 garbage-first heap   total 262144K, used 187930K [0x00000000e0000000, 0x0000000100000000)
  region size 1024K, 76 young (77824K), 10 survivors (10240K)
 Metaspace       used 76972K, capacity 79166K, committed 80372K, reserved 325632K
  class space    used 9068K, capacity 9762K, committed 10112K, reserved 253952K
}

